<?xml version="1.0" encoding="UTF-8"?>
<!-- Generated by org.testng.reporters.JUnitXMLReporter -->
<testsuite ignored="0" hostname="CTLT095" failures="1" tests="1" name="Flight Reservation Business Flow 02" time="10.335" errors="0" timestamp="2020-12-16T21:37:08 IST">
  <testcase classname="com.e2e.java.web.automator.testcases.FlightReservation" name="openFlightBookingForm" time="0.135">
    <failure type="org.openqa.selenium.NoSuchSessionException" message="No active session with ID df902f1449271381394b1c7c636f5903
Build info: version: &amp;apos;3.141.59&amp;apos;, revision: &amp;apos;e82be7d358&amp;apos;, time: &amp;apos;2018-11-14T08:17:03&amp;apos;
System info: host: &amp;apos;CTLT095&amp;apos;, ip: &amp;apos;192.168.29.179&amp;apos;, os.name: &amp;apos;Windows 10&amp;apos;, os.arch: &amp;apos;amd64&amp;apos;, os.version: &amp;apos;10.0&amp;apos;, java.version: &amp;apos;11.0.8&amp;apos;
Driver info: io.testproject.sdk.drivers.web.RemoteWebDriver
Capabilities {acceptInsecureCerts: false, browserName: chrome, browserVersion: 87.0.4280.88, chrome: {chromedriverVersion: 87.0.4280.20 (c99e81631faa0..., userDataDir: C:\Users\mvinoth\AppData\Lo...}, goog:chromeOptions: {debuggerAddress: localhost:53682}, javascriptEnabled: true, networkConnectionEnabled: false, pageLoadStrategy: normal, platform: WINDOWS, platformName: WINDOWS, proxy: {autodetect: false, proxyType: UNSPECIFIED}, setWindowRect: true, strictFileInteractability: false, timeouts: {implicit: 0.0, pageLoad: 300000.0, script: 30000.0}, tp:guid: 77b5b890-95c6-4b80-82f5-083..., unhandledPromptBehavior: dismiss and notify, webauthn:virtualAuthenticators: true, webdriver.remote.sessionid: df902f1449271381394b1c7c636...}
Session ID: df902f1449271381394b1c7c636f5903">
      <![CDATA[org.openqa.selenium.NoSuchSessionException: No active session with ID df902f1449271381394b1c7c636f5903
Build info: version: '3.141.59', revision: 'e82be7d358', time: '2018-11-14T08:17:03'
System info: host: 'CTLT095', ip: '192.168.29.179', os.name: 'Windows 10', os.arch: 'amd64', os.version: '10.0', java.version: '11.0.8'
Driver info: io.testproject.sdk.drivers.web.RemoteWebDriver
Capabilities {acceptInsecureCerts: false, browserName: chrome, browserVersion: 87.0.4280.88, chrome: {chromedriverVersion: 87.0.4280.20 (c99e81631faa0..., userDataDir: C:\Users\mvinoth\AppData\Lo...}, goog:chromeOptions: {debuggerAddress: localhost:53682}, javascriptEnabled: true, networkConnectionEnabled: false, pageLoadStrategy: normal, platform: WINDOWS, platformName: WINDOWS, proxy: {autodetect: false, proxyType: UNSPECIFIED}, setWindowRect: true, strictFileInteractability: false, timeouts: {implicit: 0.0, pageLoad: 300000.0, script: 30000.0}, tp:guid: 77b5b890-95c6-4b80-82f5-083..., unhandledPromptBehavior: dismiss and notify, webauthn:virtualAuthenticators: true, webdriver.remote.sessionid: df902f1449271381394b1c7c636...}
Session ID: df902f1449271381394b1c7c636f5903
at org.openqa.selenium.remote.http.W3CHttpResponseCodec.createException(W3CHttpResponseCodec.java:187)
at org.openqa.selenium.remote.http.W3CHttpResponseCodec.decode(W3CHttpResponseCodec.java:122)
at org.openqa.selenium.remote.http.W3CHttpResponseCodec.decode(W3CHttpResponseCodec.java:49)
at org.openqa.selenium.remote.HttpCommandExecutor.execute(HttpCommandExecutor.java:158)
at io.testproject.sdk.internal.helpers.CustomHttpCommandExecutor.execute(CustomHttpCommandExecutor.java:112)
at io.testproject.sdk.internal.helpers.CustomHttpCommandExecutor.execute(CustomHttpCommandExecutor.java:96)
at org.openqa.selenium.remote.RemoteWebDriver.execute(RemoteWebDriver.java:552)
at org.openqa.selenium.remote.RemoteWebDriver.execute(RemoteWebDriver.java:609)
at org.openqa.selenium.remote.RemoteWebDriver$RemoteWebDriverOptions$RemoteWindow.maximize(RemoteWebDriver.java:837)
at com.e2e.java.web.automator.operations.BrowserOperations.lambda$0(BrowserOperations.java:13)
at com.e2e.java.web.automator.basepage.BasePage.just(BasePage.java:30)
at com.e2e.java.web.automator.flightpages.FlightHomePage.goTo(FlightHomePage.java:34)
at com.e2e.java.web.automator.testcases.FlightReservation.lambda$0(FlightReservation.java:24)
at com.e2e.java.web.automator.workflow.FlightReservationBusinessFlow.homepage(FlightReservationBusinessFlow.java:36)
at com.e2e.java.web.automator.testcases.FlightReservation.openFlightBookingForm(FlightReservation.java:23)
at org.springframework.test.context.testng.AbstractTestNGSpringContextTests.run(AbstractTestNGSpringContextTests.java:181)
at java.base/java.util.ArrayList.forEach(ArrayList.java:1541)
at java.base/java.util.concurrent.FutureTask.run(FutureTask.java:264)
at java.base/java.util.concurrent.ThreadPoolExecutor.runWorker(ThreadPoolExecutor.java:1128)
at java.base/java.util.concurrent.ThreadPoolExecutor$Worker.run(ThreadPoolExecutor.java:628)
at java.base/java.lang.Thread.run(Thread.java:834)
... Removed 24 stack frames]]>
    </failure>
  </testcase> <!-- openFlightBookingForm -->
</testsuite> <!-- Flight Reservation Business Flow 02 -->
