<!DOCTYPE html PUBLIC "-//W3C//DTD XHTML 1.1//EN" "http://www.w3.org/TR/xhtml11/DTD/xhtml11.dtd">
<html xmlns="http://www.w3.org/1999/xhtml">
<head>
<meta http-equiv="content-type" content="text/html; charset=UTF-8"/>
<title>TestNG Report</title>
<style type="text/css">table {margin-bottom:10px;border-collapse:collapse;empty-cells:show}th,td {border:1px solid #009;padding:.25em .5em}th {vertical-align:bottom}td {vertical-align:top}table a {font-weight:bold}.stripe td {background-color: #E6EBF9}.num {text-align:right}.passedodd td {background-color: #3F3}.passedeven td {background-color: #0A0}.skippedodd td {background-color: #DDD}.skippedeven td {background-color: #CCC}.failedodd td,.attn {background-color: #F33}.failedeven td,.stripe .attn {background-color: #D00}.stacktrace {white-space:pre;font-family:monospace}.totop {font-size:85%;text-align:center;border-bottom:2px solid #000}.invisible {display:none}</style>
</head>
<body>
<table>
<tr><th>Test</th><th># Passed</th><th># Skipped</th><th># Retried</th><th># Failed</th><th>Time (ms)</th><th>Included Groups</th><th>Excluded Groups</th></tr>
<tr><th colspan="8">Web Automator</th></tr>
<tr><td><a href="#t0">Flight Reservation Business Flow 01</a></td><td class="num">0</td><td class="num attn">1</td><td class="num">0</td><td class="num">0</td><td class="num">10,044</td><td></td><td></td></tr>
<tr class="stripe"><td><a href="#t1">Flight Reservation Business Flow 02</a></td><td class="num">0</td><td class="num">0</td><td class="num">0</td><td class="num attn">1</td><td class="num">10,335</td><td></td><td></td></tr>
<tr><th>Total</th><th class="num">0</th><th class="num attn">1</th><th class="num">0</th><th class="num attn">1</th><th class="num">20,379</th><th colspan="2"></th></tr>
</table>
<table id='summary'><thead><tr><th>Class</th><th>Method</th><th>Start</th><th>Time (ms)</th></tr></thead><tbody><tr><th colspan="4">Web Automator</th></tr></tbody><tbody id="t0"><tr><th colspan="4">Flight Reservation Business Flow 01 &#8212; failed (configuration methods)</th></tr><tr class="failedeven"><td rowspan="1">com.e2e.java.web.automator.testcases.FlightReservation</td><td><a href="#m0">springTestContextPrepareTestInstance</a></td><td rowspan="1">1608134818504</td><td rowspan="1">9879</td></tr><tr><th colspan="4">Flight Reservation Business Flow 01 &#8212; skipped (configuration methods)</th></tr><tr class="skippedeven"><td rowspan="1">com.e2e.java.web.automator.testcases.FlightReservation</td><td><a href="#m1">setUp</a></td><td rowspan="1">1608134828401</td><td rowspan="1">-1608134828401</td></tr><tr><th colspan="4">Flight Reservation Business Flow 01 &#8212; skipped</th></tr><tr class="skippedeven"><td rowspan="1">com.e2e.java.web.automator.testcases.FlightReservation</td><td><a href="#m2">openFlightBookingForm</a></td><td rowspan="1">1608134828451</td><td rowspan="1">0</td></tr></tbody>
<tbody id="t1"><tr><th colspan="4">Flight Reservation Business Flow 02 &#8212; failed</th></tr><tr class="failedeven"><td rowspan="1">com.e2e.java.web.automator.testcases.FlightReservation</td><td><a href="#m3">openFlightBookingForm</a></td><td rowspan="1">1608134828655</td><td rowspan="1">135</td></tr></tbody>
</table>
<h2>Flight Reservation Business Flow 01</h2><h3 id="m0">com.e2e.java.web.automator.testcases.FlightReservation#springTestContextPrepareTestInstance</h3><table class="result"><tr><th>Exception</th></tr><tr><td><div class="stacktrace">org.springframework.beans.factory.UnsatisfiedDependencyException: Error creating bean with name &apos;com.e2e.java.web.automator.testcases.FlightReservation&apos;: Unsatisfied dependency expressed through field &apos;browser&apos;; nested exception is org.springframework.beans.factory.BeanCreationException: Error creating bean with name &apos;chrome&apos; defined in class path resource [com/e2e/java/web/automator/browser/config/TestProjectDriver.class]: Bean instantiation via factory method failed; nested exception is org.springframework.beans.BeanInstantiationException: Failed to instantiate [io.testproject.sdk.drivers.web.RemoteWebDriver]: Factory method &apos;chrome&apos; threw exception; nested exception is org.openqa.selenium.WebDriverException: Failed to create an instance of io.testproject.sdk.drivers.web.RemoteWebDriver
Build info: version: &apos;3.141.59&apos;, revision: &apos;e82be7d358&apos;, time: &apos;2018-11-14T08:17:03&apos;
System info: host: &apos;CTLT095&apos;, ip: &apos;192.168.29.179&apos;, os.name: &apos;Windows 10&apos;, os.arch: &apos;amd64&apos;, os.version: &apos;10.0&apos;, java.version: &apos;11.0.8&apos;
Driver info: driver.version: TestProjectDriver
	at org.springframework.beans.factory.annotation.AutowiredAnnotationBeanPostProcessor$AutowiredFieldElement.inject(AutowiredAnnotationBeanPostProcessor.java:643)
	at org.springframework.beans.factory.annotation.InjectionMetadata.inject(InjectionMetadata.java:119)
	at org.springframework.beans.factory.annotation.AutowiredAnnotationBeanPostProcessor.postProcessProperties(AutowiredAnnotationBeanPostProcessor.java:399)
	at org.springframework.beans.factory.support.AbstractAutowireCapableBeanFactory.populateBean(AbstractAutowireCapableBeanFactory.java:1415)
	at org.springframework.beans.factory.support.AbstractAutowireCapableBeanFactory.autowireBeanProperties(AbstractAutowireCapableBeanFactory.java:406)
	at org.springframework.test.context.support.DependencyInjectionTestExecutionListener.injectDependencies(DependencyInjectionTestExecutionListener.java:119)
	at org.springframework.test.context.support.DependencyInjectionTestExecutionListener.prepareTestInstance(DependencyInjectionTestExecutionListener.java:83)
	at org.springframework.test.context.TestContextManager.prepareTestInstance(TestContextManager.java:244)
	at org.springframework.test.context.testng.AbstractTestNGSpringContextTests.springTestContextPrepareTestInstance(AbstractTestNGSpringContextTests.java:146)
	at java.base/java.util.ArrayList.forEach(ArrayList.java:1541)
	at java.base/java.util.concurrent.FutureTask.run(FutureTask.java:264)
	at java.base/java.util.concurrent.ThreadPoolExecutor.runWorker(ThreadPoolExecutor.java:1128)
	at java.base/java.util.concurrent.ThreadPoolExecutor$Worker.run(ThreadPoolExecutor.java:628)
	at java.base/java.lang.Thread.run(Thread.java:834)
Caused by: org.springframework.beans.factory.BeanCreationException: Error creating bean with name &apos;chrome&apos; defined in class path resource [com/e2e/java/web/automator/browser/config/TestProjectDriver.class]: Bean instantiation via factory method failed; nested exception is org.springframework.beans.BeanInstantiationException: Failed to instantiate [io.testproject.sdk.drivers.web.RemoteWebDriver]: Factory method &apos;chrome&apos; threw exception; nested exception is org.openqa.selenium.WebDriverException: Failed to create an instance of io.testproject.sdk.drivers.web.RemoteWebDriver
Build info: version: &apos;3.141.59&apos;, revision: &apos;e82be7d358&apos;, time: &apos;2018-11-14T08:17:03&apos;
System info: host: &apos;CTLT095&apos;, ip: &apos;192.168.29.179&apos;, os.name: &apos;Windows 10&apos;, os.arch: &apos;amd64&apos;, os.version: &apos;10.0&apos;, java.version: &apos;11.0.8&apos;
Driver info: driver.version: TestProjectDriver
	at org.springframework.beans.factory.support.ConstructorResolver.instantiate(ConstructorResolver.java:656)
	at org.springframework.beans.factory.support.ConstructorResolver.instantiateUsingFactoryMethod(ConstructorResolver.java:484)
	at org.springframework.beans.factory.support.AbstractAutowireCapableBeanFactory.instantiateUsingFactoryMethod(AbstractAutowireCapableBeanFactory.java:1336)
	at org.springframework.beans.factory.support.AbstractAutowireCapableBeanFactory.createBeanInstance(AbstractAutowireCapableBeanFactory.java:1179)
	at org.springframework.beans.factory.support.AbstractAutowireCapableBeanFactory.doCreateBean(AbstractAutowireCapableBeanFactory.java:571)
	at org.springframework.beans.factory.support.AbstractAutowireCapableBeanFactory.createBean(AbstractAutowireCapableBeanFactory.java:531)
	at org.springframework.beans.factory.support.AbstractBeanFactory.lambda$doGetBean$1(AbstractBeanFactory.java:374)
	at org.springframework.context.support.SimpleThreadScope.get(SimpleThreadScope.java:74)
	at com.e2e.java.web.automator.browser.scope.BrowserScope.get(BrowserScope.java:14)
	at org.springframework.beans.factory.support.AbstractBeanFactory.doGetBean(AbstractBeanFactory.java:371)
	at org.springframework.beans.factory.support.AbstractBeanFactory.getBean(AbstractBeanFactory.java:208)
	at org.springframework.beans.factory.config.DependencyDescriptor.resolveCandidate(DependencyDescriptor.java:276)
	at org.springframework.beans.factory.support.DefaultListableBeanFactory.doResolveDependency(DefaultListableBeanFactory.java:1367)
	at org.springframework.beans.factory.support.DefaultListableBeanFactory.resolveDependency(DefaultListableBeanFactory.java:1287)
	at org.springframework.beans.factory.annotation.AutowiredAnnotationBeanPostProcessor$AutowiredFieldElement.inject(AutowiredAnnotationBeanPostProcessor.java:640)
	... 29 more
Caused by: org.springframework.beans.BeanInstantiationException: Failed to instantiate [io.testproject.sdk.drivers.web.RemoteWebDriver]: Factory method &apos;chrome&apos; threw exception; nested exception is org.openqa.selenium.WebDriverException: Failed to create an instance of io.testproject.sdk.drivers.web.RemoteWebDriver
Build info: version: &apos;3.141.59&apos;, revision: &apos;e82be7d358&apos;, time: &apos;2018-11-14T08:17:03&apos;
System info: host: &apos;CTLT095&apos;, ip: &apos;192.168.29.179&apos;, os.name: &apos;Windows 10&apos;, os.arch: &apos;amd64&apos;, os.version: &apos;10.0&apos;, java.version: &apos;11.0.8&apos;
Driver info: driver.version: TestProjectDriver
	at org.springframework.beans.factory.support.SimpleInstantiationStrategy.instantiate(SimpleInstantiationStrategy.java:185)
	at org.springframework.beans.factory.support.ConstructorResolver.instantiate(ConstructorResolver.java:651)
	... 43 more
Caused by: org.openqa.selenium.WebDriverException: Failed to create an instance of io.testproject.sdk.drivers.web.RemoteWebDriver
Build info: version: &apos;3.141.59&apos;, revision: &apos;e82be7d358&apos;, time: &apos;2018-11-14T08:17:03&apos;
System info: host: &apos;CTLT095&apos;, ip: &apos;192.168.29.179&apos;, os.name: &apos;Windows 10&apos;, os.arch: &apos;amd64&apos;, os.version: &apos;10.0&apos;, java.version: &apos;11.0.8&apos;
Driver info: driver.version: TestProjectDriver
	at io.testproject.sdk.DriverBuilder.build(DriverBuilder.java:194)
	at com.e2e.java.web.automator.browser.config.TestProjectDriver.chrome(TestProjectDriver.java:41)
	at com.e2e.java.web.automator.browser.config.TestProjectDriver$$EnhancerBySpringCGLIB$$b3cf976f.CGLIB$chrome$2(&lt;generated&gt;)
	at com.e2e.java.web.automator.browser.config.TestProjectDriver$$EnhancerBySpringCGLIB$$b3cf976f$$FastClassBySpringCGLIB$$c41a9b35.invoke(&lt;generated&gt;)
	at org.springframework.cglib.proxy.MethodProxy.invokeSuper(MethodProxy.java:244)
	at org.springframework.context.annotation.ConfigurationClassEnhancer$BeanMethodInterceptor.intercept(ConfigurationClassEnhancer.java:331)
	at com.e2e.java.web.automator.browser.config.TestProjectDriver$$EnhancerBySpringCGLIB$$b3cf976f.chrome(&lt;generated&gt;)
	at org.springframework.beans.factory.support.SimpleInstantiationStrategy.instantiate(SimpleInstantiationStrategy.java:154)
	... 44 more
	at io.testproject.sdk.DriverBuilder.build(DriverBuilder.java:186)
	... 55 more
Caused by: org.openqa.selenium.WebDriverException: io.testproject.sdk.internal.exceptions.InvalidTokenException: No token has been provided.
Build info: version: &apos;3.141.59&apos;, revision: &apos;e82be7d358&apos;, time: &apos;2018-11-14T08:17:03&apos;
System info: host: &apos;CTLT095&apos;, ip: &apos;192.168.29.179&apos;, os.name: &apos;Windows 10&apos;, os.arch: &apos;amd64&apos;, os.version: &apos;10.0&apos;, java.version: &apos;11.0.8&apos;
Driver info: driver.version: TestProjectDriver
	at io.testproject.sdk.drivers.web.RemoteWebDriver.startSession(RemoteWebDriver.java:369)
	at org.openqa.selenium.remote.RemoteWebDriver.&lt;init&gt;(RemoteWebDriver.java:131)
	at org.openqa.selenium.remote.RemoteWebDriver.&lt;init&gt;(RemoteWebDriver.java:118)
	at io.testproject.sdk.drivers.web.RemoteWebDriver.&lt;init&gt;(RemoteWebDriver.java:347)
	... 60 more
Caused by: io.testproject.sdk.internal.exceptions.InvalidTokenException: No token has been provided.
	at io.testproject.sdk.internal.rest.AgentClient.&lt;init&gt;(AgentClient.java:218)
	at io.testproject.sdk.internal.rest.AgentClient.getClient(AgentClient.java:461)
	at io.testproject.sdk.internal.rest.AgentClient.getClient(AgentClient.java:299)
	at io.testproject.sdk.drivers.web.RemoteWebDriver.startSession(RemoteWebDriver.java:364)
	... 63 more
... Removed 25 stack frames</div></td></tr></table><p class="totop"><a href="#summary">back to summary</a></p>
<h3 id="m1">com.e2e.java.web.automator.testcases.FlightReservation#setUp</h3><table class="result"><tr><th class="invisible"/></tr></table><p class="totop"><a href="#summary">back to summary</a></p>
<h3 id="m2">com.e2e.java.web.automator.testcases.FlightReservation#openFlightBookingForm</h3><table class="result"><tr><th>Exception</th></tr><tr><td><div class="stacktrace">org.springframework.beans.factory.UnsatisfiedDependencyException: Error creating bean with name &apos;com.e2e.java.web.automator.testcases.FlightReservation&apos;: Unsatisfied dependency expressed through field &apos;browser&apos;; nested exception is org.springframework.beans.factory.BeanCreationException: Error creating bean with name &apos;chrome&apos; defined in class path resource [com/e2e/java/web/automator/browser/config/TestProjectDriver.class]: Bean instantiation via factory method failed; nested exception is org.springframework.beans.BeanInstantiationException: Failed to instantiate [io.testproject.sdk.drivers.web.RemoteWebDriver]: Factory method &apos;chrome&apos; threw exception; nested exception is org.openqa.selenium.WebDriverException: Failed to create an instance of io.testproject.sdk.drivers.web.RemoteWebDriver
Build info: version: &apos;3.141.59&apos;, revision: &apos;e82be7d358&apos;, time: &apos;2018-11-14T08:17:03&apos;
System info: host: &apos;CTLT095&apos;, ip: &apos;192.168.29.179&apos;, os.name: &apos;Windows 10&apos;, os.arch: &apos;amd64&apos;, os.version: &apos;10.0&apos;, java.version: &apos;11.0.8&apos;
Driver info: driver.version: TestProjectDriver
	at org.springframework.beans.factory.annotation.AutowiredAnnotationBeanPostProcessor$AutowiredFieldElement.inject(AutowiredAnnotationBeanPostProcessor.java:643)
	at org.springframework.beans.factory.annotation.InjectionMetadata.inject(InjectionMetadata.java:119)
	at org.springframework.beans.factory.annotation.AutowiredAnnotationBeanPostProcessor.postProcessProperties(AutowiredAnnotationBeanPostProcessor.java:399)
	at org.springframework.beans.factory.support.AbstractAutowireCapableBeanFactory.populateBean(AbstractAutowireCapableBeanFactory.java:1415)
	at org.springframework.beans.factory.support.AbstractAutowireCapableBeanFactory.autowireBeanProperties(AbstractAutowireCapableBeanFactory.java:406)
	at org.springframework.test.context.support.DependencyInjectionTestExecutionListener.injectDependencies(DependencyInjectionTestExecutionListener.java:119)
	at org.springframework.test.context.support.DependencyInjectionTestExecutionListener.prepareTestInstance(DependencyInjectionTestExecutionListener.java:83)
	at org.springframework.test.context.TestContextManager.prepareTestInstance(TestContextManager.java:244)
	at org.springframework.test.context.testng.AbstractTestNGSpringContextTests.springTestContextPrepareTestInstance(AbstractTestNGSpringContextTests.java:146)
	at java.base/java.util.ArrayList.forEach(ArrayList.java:1541)
	at java.base/java.util.concurrent.FutureTask.run(FutureTask.java:264)
	at java.base/java.util.concurrent.ThreadPoolExecutor.runWorker(ThreadPoolExecutor.java:1128)
	at java.base/java.util.concurrent.ThreadPoolExecutor$Worker.run(ThreadPoolExecutor.java:628)
	at java.base/java.lang.Thread.run(Thread.java:834)
Caused by: org.springframework.beans.factory.BeanCreationException: Error creating bean with name &apos;chrome&apos; defined in class path resource [com/e2e/java/web/automator/browser/config/TestProjectDriver.class]: Bean instantiation via factory method failed; nested exception is org.springframework.beans.BeanInstantiationException: Failed to instantiate [io.testproject.sdk.drivers.web.RemoteWebDriver]: Factory method &apos;chrome&apos; threw exception; nested exception is org.openqa.selenium.WebDriverException: Failed to create an instance of io.testproject.sdk.drivers.web.RemoteWebDriver
Build info: version: &apos;3.141.59&apos;, revision: &apos;e82be7d358&apos;, time: &apos;2018-11-14T08:17:03&apos;
System info: host: &apos;CTLT095&apos;, ip: &apos;192.168.29.179&apos;, os.name: &apos;Windows 10&apos;, os.arch: &apos;amd64&apos;, os.version: &apos;10.0&apos;, java.version: &apos;11.0.8&apos;
Driver info: driver.version: TestProjectDriver
	at org.springframework.beans.factory.support.ConstructorResolver.instantiate(ConstructorResolver.java:656)
	at org.springframework.beans.factory.support.ConstructorResolver.instantiateUsingFactoryMethod(ConstructorResolver.java:484)
	at org.springframework.beans.factory.support.AbstractAutowireCapableBeanFactory.instantiateUsingFactoryMethod(AbstractAutowireCapableBeanFactory.java:1336)
	at org.springframework.beans.factory.support.AbstractAutowireCapableBeanFactory.createBeanInstance(AbstractAutowireCapableBeanFactory.java:1179)
	at org.springframework.beans.factory.support.AbstractAutowireCapableBeanFactory.doCreateBean(AbstractAutowireCapableBeanFactory.java:571)
	at org.springframework.beans.factory.support.AbstractAutowireCapableBeanFactory.createBean(AbstractAutowireCapableBeanFactory.java:531)
	at org.springframework.beans.factory.support.AbstractBeanFactory.lambda$doGetBean$1(AbstractBeanFactory.java:374)
	at org.springframework.context.support.SimpleThreadScope.get(SimpleThreadScope.java:74)
	at com.e2e.java.web.automator.browser.scope.BrowserScope.get(BrowserScope.java:14)
	at org.springframework.beans.factory.support.AbstractBeanFactory.doGetBean(AbstractBeanFactory.java:371)
	at org.springframework.beans.factory.support.AbstractBeanFactory.getBean(AbstractBeanFactory.java:208)
	at org.springframework.beans.factory.config.DependencyDescriptor.resolveCandidate(DependencyDescriptor.java:276)
	at org.springframework.beans.factory.support.DefaultListableBeanFactory.doResolveDependency(DefaultListableBeanFactory.java:1367)
	at org.springframework.beans.factory.support.DefaultListableBeanFactory.resolveDependency(DefaultListableBeanFactory.java:1287)
	at org.springframework.beans.factory.annotation.AutowiredAnnotationBeanPostProcessor$AutowiredFieldElement.inject(AutowiredAnnotationBeanPostProcessor.java:640)
	... 29 more
Caused by: org.springframework.beans.BeanInstantiationException: Failed to instantiate [io.testproject.sdk.drivers.web.RemoteWebDriver]: Factory method &apos;chrome&apos; threw exception; nested exception is org.openqa.selenium.WebDriverException: Failed to create an instance of io.testproject.sdk.drivers.web.RemoteWebDriver
Build info: version: &apos;3.141.59&apos;, revision: &apos;e82be7d358&apos;, time: &apos;2018-11-14T08:17:03&apos;
System info: host: &apos;CTLT095&apos;, ip: &apos;192.168.29.179&apos;, os.name: &apos;Windows 10&apos;, os.arch: &apos;amd64&apos;, os.version: &apos;10.0&apos;, java.version: &apos;11.0.8&apos;
Driver info: driver.version: TestProjectDriver
	at org.springframework.beans.factory.support.SimpleInstantiationStrategy.instantiate(SimpleInstantiationStrategy.java:185)
	at org.springframework.beans.factory.support.ConstructorResolver.instantiate(ConstructorResolver.java:651)
	... 43 more
Caused by: org.openqa.selenium.WebDriverException: Failed to create an instance of io.testproject.sdk.drivers.web.RemoteWebDriver
Build info: version: &apos;3.141.59&apos;, revision: &apos;e82be7d358&apos;, time: &apos;2018-11-14T08:17:03&apos;
System info: host: &apos;CTLT095&apos;, ip: &apos;192.168.29.179&apos;, os.name: &apos;Windows 10&apos;, os.arch: &apos;amd64&apos;, os.version: &apos;10.0&apos;, java.version: &apos;11.0.8&apos;
Driver info: driver.version: TestProjectDriver
	at io.testproject.sdk.DriverBuilder.build(DriverBuilder.java:194)
	at com.e2e.java.web.automator.browser.config.TestProjectDriver.chrome(TestProjectDriver.java:41)
	at com.e2e.java.web.automator.browser.config.TestProjectDriver$$EnhancerBySpringCGLIB$$b3cf976f.CGLIB$chrome$2(&lt;generated&gt;)
	at com.e2e.java.web.automator.browser.config.TestProjectDriver$$EnhancerBySpringCGLIB$$b3cf976f$$FastClassBySpringCGLIB$$c41a9b35.invoke(&lt;generated&gt;)
	at org.springframework.cglib.proxy.MethodProxy.invokeSuper(MethodProxy.java:244)
	at org.springframework.context.annotation.ConfigurationClassEnhancer$BeanMethodInterceptor.intercept(ConfigurationClassEnhancer.java:331)
	at com.e2e.java.web.automator.browser.config.TestProjectDriver$$EnhancerBySpringCGLIB$$b3cf976f.chrome(&lt;generated&gt;)
	at org.springframework.beans.factory.support.SimpleInstantiationStrategy.instantiate(SimpleInstantiationStrategy.java:154)
	... 44 more
	at io.testproject.sdk.DriverBuilder.build(DriverBuilder.java:186)
	... 55 more
Caused by: org.openqa.selenium.WebDriverException: io.testproject.sdk.internal.exceptions.InvalidTokenException: No token has been provided.
Build info: version: &apos;3.141.59&apos;, revision: &apos;e82be7d358&apos;, time: &apos;2018-11-14T08:17:03&apos;
System info: host: &apos;CTLT095&apos;, ip: &apos;192.168.29.179&apos;, os.name: &apos;Windows 10&apos;, os.arch: &apos;amd64&apos;, os.version: &apos;10.0&apos;, java.version: &apos;11.0.8&apos;
Driver info: driver.version: TestProjectDriver
	at io.testproject.sdk.drivers.web.RemoteWebDriver.startSession(RemoteWebDriver.java:369)
	at org.openqa.selenium.remote.RemoteWebDriver.&lt;init&gt;(RemoteWebDriver.java:131)
	at org.openqa.selenium.remote.RemoteWebDriver.&lt;init&gt;(RemoteWebDriver.java:118)
	at io.testproject.sdk.drivers.web.RemoteWebDriver.&lt;init&gt;(RemoteWebDriver.java:347)
	... 60 more
Caused by: io.testproject.sdk.internal.exceptions.InvalidTokenException: No token has been provided.
	at io.testproject.sdk.internal.rest.AgentClient.&lt;init&gt;(AgentClient.java:218)
	at io.testproject.sdk.internal.rest.AgentClient.getClient(AgentClient.java:461)
	at io.testproject.sdk.internal.rest.AgentClient.getClient(AgentClient.java:299)
	at io.testproject.sdk.drivers.web.RemoteWebDriver.startSession(RemoteWebDriver.java:364)
	... 63 more
... Removed 25 stack frames</div></td></tr></table><p class="totop"><a href="#summary">back to summary</a></p>
<h2>Flight Reservation Business Flow 02</h2><h3 id="m3">com.e2e.java.web.automator.testcases.FlightReservation#openFlightBookingForm</h3><table class="result"><tr class="param"><th>Parameter #1</th></tr><tr class="param stripe"><td>public void com.e2e.java.web.automator.testcases.FlightReservation.openFlightBookingForm(java.lang.reflect.Method)</td></tr><tr><th>Exception</th></tr><tr><td><div class="stacktrace">org.openqa.selenium.NoSuchSessionException: No active session with ID df902f1449271381394b1c7c636f5903
Build info: version: &apos;3.141.59&apos;, revision: &apos;e82be7d358&apos;, time: &apos;2018-11-14T08:17:03&apos;
System info: host: &apos;CTLT095&apos;, ip: &apos;192.168.29.179&apos;, os.name: &apos;Windows 10&apos;, os.arch: &apos;amd64&apos;, os.version: &apos;10.0&apos;, java.version: &apos;11.0.8&apos;
Driver info: io.testproject.sdk.drivers.web.RemoteWebDriver
Capabilities {acceptInsecureCerts: false, browserName: chrome, browserVersion: 87.0.4280.88, chrome: {chromedriverVersion: 87.0.4280.20 (c99e81631faa0..., userDataDir: C:\Users\mvinoth\AppData\Lo...}, goog:chromeOptions: {debuggerAddress: localhost:53682}, javascriptEnabled: true, networkConnectionEnabled: false, pageLoadStrategy: normal, platform: WINDOWS, platformName: WINDOWS, proxy: {autodetect: false, proxyType: UNSPECIFIED}, setWindowRect: true, strictFileInteractability: false, timeouts: {implicit: 0.0, pageLoad: 300000.0, script: 30000.0}, tp:guid: 77b5b890-95c6-4b80-82f5-083..., unhandledPromptBehavior: dismiss and notify, webauthn:virtualAuthenticators: true, webdriver.remote.sessionid: df902f1449271381394b1c7c636...}
Session ID: df902f1449271381394b1c7c636f5903
	at org.openqa.selenium.remote.http.W3CHttpResponseCodec.createException(W3CHttpResponseCodec.java:187)
	at org.openqa.selenium.remote.http.W3CHttpResponseCodec.decode(W3CHttpResponseCodec.java:122)
	at org.openqa.selenium.remote.http.W3CHttpResponseCodec.decode(W3CHttpResponseCodec.java:49)
	at org.openqa.selenium.remote.HttpCommandExecutor.execute(HttpCommandExecutor.java:158)
	at io.testproject.sdk.internal.helpers.CustomHttpCommandExecutor.execute(CustomHttpCommandExecutor.java:112)
	at io.testproject.sdk.internal.helpers.CustomHttpCommandExecutor.execute(CustomHttpCommandExecutor.java:96)
	at org.openqa.selenium.remote.RemoteWebDriver.execute(RemoteWebDriver.java:552)
	at org.openqa.selenium.remote.RemoteWebDriver.execute(RemoteWebDriver.java:609)
	at org.openqa.selenium.remote.RemoteWebDriver$RemoteWebDriverOptions$RemoteWindow.maximize(RemoteWebDriver.java:837)
	at com.e2e.java.web.automator.operations.BrowserOperations.lambda$0(BrowserOperations.java:13)
	at com.e2e.java.web.automator.basepage.BasePage.just(BasePage.java:30)
	at com.e2e.java.web.automator.flightpages.FlightHomePage.goTo(FlightHomePage.java:34)
	at com.e2e.java.web.automator.testcases.FlightReservation.lambda$0(FlightReservation.java:24)
	at com.e2e.java.web.automator.workflow.FlightReservationBusinessFlow.homepage(FlightReservationBusinessFlow.java:36)
	at com.e2e.java.web.automator.testcases.FlightReservation.openFlightBookingForm(FlightReservation.java:23)
	at org.springframework.test.context.testng.AbstractTestNGSpringContextTests.run(AbstractTestNGSpringContextTests.java:181)
	at java.base/java.util.ArrayList.forEach(ArrayList.java:1541)
	at java.base/java.util.concurrent.FutureTask.run(FutureTask.java:264)
	at java.base/java.util.concurrent.ThreadPoolExecutor.runWorker(ThreadPoolExecutor.java:1128)
	at java.base/java.util.concurrent.ThreadPoolExecutor$Worker.run(ThreadPoolExecutor.java:628)
	at java.base/java.lang.Thread.run(Thread.java:834)
... Removed 24 stack frames</div></td></tr></table><p class="totop"><a href="#summary">back to summary</a></p>
</body>
</html>
